<?xml version="1.0" encoding="UTF-8"?>
<!-- Generated by org.testng.reporters.JUnitXMLReporter -->
<testsuite ignored="0" hostname="Sara" failures="0" tests="4" name="Default test" time="22.134" errors="0" timestamp="2025-04-18T10:45:29 IST">
  <testcase classname="tests.SauceDemoTest" name="verifySauceDemoFlow" time="2.1"/>
  <testcase classname="tests.SauceDemoTest" name="verifySauceDemoFlow" time="0.297"/>
  <testcase classname="tests.SauceDemoTest" name="verifySauceDemoFlow" time="2.005"/>
  <testcase classname="tests.SauceDemoTest" name="verifySauceDemoFlow" time="7.466"/>
</testsuite> <!-- Default test -->
