<?xml version="1.0" encoding="UTF-8"?>
<testng-results ignored="0" total="4" passed="4" failed="0" skipped="0">
  <reporter-output>
  </reporter-output>
  <suite started-at="2025-04-18T10:45:07 IST" name="Default suite" finished-at="2025-04-18T10:45:29 IST" duration-ms="22134">
    <groups>
    </groups>
    <test started-at="2025-04-18T10:45:07 IST" name="Default test" finished-at="2025-04-18T10:45:29 IST" duration-ms="22134">
      <class name="tests.SauceDemoTest">
        <test-method is-config="true" signature="setupReport()[pri:0, instance:tests.SauceDemoTest@7b36aa0c]" started-at="2025-04-18T10:45:07 IST" name="setupReport" finished-at="2025-04-18T10:45:07 IST" duration-ms="254" status="PASS">
          <reporter-output>
          </reporter-output>
        </test-method> <!-- setupReport -->
        <test-method is-config="true" signature="setup()[pri:0, instance:tests.SauceDemoTest@7b36aa0c]" started-at="2025-04-18T10:45:07 IST" name="setup" finished-at="2025-04-18T10:45:09 IST" duration-ms="1742" status="PASS">
          <reporter-output>
          </reporter-output>
        </test-method> <!-- setup -->
        <test-method is-config="true" signature="setupTest(java.lang.reflect.Method)[pri:0, instance:tests.SauceDemoTest@7b36aa0c]" started-at="2025-04-18T10:45:09 IST" name="setupTest" finished-at="2025-04-18T10:45:10 IST" duration-ms="1091" status="PASS">
          <params>
            <param index="0">
              <value>
                <![CDATA[public void tests.SauceDemoTest.verifySauceDemoFlow(java.lang.String,java.lang.String)]]>
              </value>
            </param>
          </params>
          <reporter-output>
          </reporter-output>
        </test-method> <!-- setupTest -->
        <test-method signature="verifySauceDemoFlow(java.lang.String,java.lang.String)[pri:0, instance:tests.SauceDemoTest@7b36aa0c]" started-at="2025-04-18T10:45:10 IST" name="verifySauceDemoFlow" data-provider="loginData" finished-at="2025-04-18T10:45:12 IST" duration-ms="2100" status="PASS">
          <params>
            <param index="0">
              <value>
                <![CDATA[standard_user]]>
              </value>
            </param>
            <param index="1">
              <value>
                <![CDATA[secret_sauce]]>
              </value>
            </param>
          </params>
          <reporter-output>
          </reporter-output>
        </test-method> <!-- verifySauceDemoFlow -->
        <test-method is-config="true" signature="tearDownTest(org.testng.ITestResult)[pri:0, instance:tests.SauceDemoTest@7b36aa0c]" started-at="2025-04-18T10:45:12 IST" name="tearDownTest" finished-at="2025-04-18T10:45:12 IST" duration-ms="214" status="PASS">
          <params>
            <param index="0">
              <value>
                <![CDATA[[TestResult name=verifySauceDemoFlow status=SUCCESS method=SauceDemoTest.verifySauceDemoFlow(java.lang.String,java.lang.String)[pri:0, instance:tests.SauceDemoTest@7b36aa0c] output={null}]]]>
              </value>
            </param>
          </params>
          <reporter-output>
          </reporter-output>
        </test-method> <!-- tearDownTest -->
        <test-method is-config="true" signature="tearDown()[pri:0, instance:tests.SauceDemoTest@7b36aa0c]" started-at="2025-04-18T10:45:12 IST" name="tearDown" finished-at="2025-04-18T10:45:12 IST" duration-ms="0" status="PASS">
          <reporter-output>
          </reporter-output>
        </test-method> <!-- tearDown -->
        <test-method is-config="true" signature="setup()[pri:0, instance:tests.SauceDemoTest@7b36aa0c]" started-at="2025-04-18T10:45:12 IST" name="setup" finished-at="2025-04-18T10:45:13 IST" duration-ms="1091" status="PASS">
          <reporter-output>
          </reporter-output>
        </test-method> <!-- setup -->
        <test-method is-config="true" signature="setupTest(java.lang.reflect.Method)[pri:0, instance:tests.SauceDemoTest@7b36aa0c]" started-at="2025-04-18T10:45:13 IST" name="setupTest" finished-at="2025-04-18T10:45:14 IST" duration-ms="969" status="PASS">
          <params>
            <param index="0">
              <value>
                <![CDATA[public void tests.SauceDemoTest.verifySauceDemoFlow(java.lang.String,java.lang.String)]]>
              </value>
            </param>
          </params>
          <reporter-output>
          </reporter-output>
        </test-method> <!-- setupTest -->
        <test-method signature="verifySauceDemoFlow(java.lang.String,java.lang.String)[pri:0, instance:tests.SauceDemoTest@7b36aa0c]" started-at="2025-04-18T10:45:14 IST" name="verifySauceDemoFlow" data-provider="loginData" finished-at="2025-04-18T10:45:15 IST" duration-ms="297" status="PASS">
          <params>
            <param index="0">
              <value>
                <![CDATA[locked_out_user]]>
              </value>
            </param>
            <param index="1">
              <value>
                <![CDATA[secret_sauce]]>
              </value>
            </param>
          </params>
          <reporter-output>
          </reporter-output>
        </test-method> <!-- verifySauceDemoFlow -->
        <test-method is-config="true" signature="tearDownTest(org.testng.ITestResult)[pri:0, instance:tests.SauceDemoTest@7b36aa0c]" started-at="2025-04-18T10:45:15 IST" name="tearDownTest" finished-at="2025-04-18T10:45:15 IST" duration-ms="173" status="PASS">
          <params>
            <param index="0">
              <value>
                <![CDATA[[TestResult name=verifySauceDemoFlow status=SUCCESS method=SauceDemoTest.verifySauceDemoFlow(java.lang.String,java.lang.String)[pri:0, instance:tests.SauceDemoTest@7b36aa0c] output={null}]]]>
              </value>
            </param>
          </params>
          <reporter-output>
          </reporter-output>
        </test-method> <!-- tearDownTest -->
        <test-method is-config="true" signature="tearDown()[pri:0, instance:tests.SauceDemoTest@7b36aa0c]" started-at="2025-04-18T10:45:15 IST" name="tearDown" finished-at="2025-04-18T10:45:15 IST" duration-ms="1" status="PASS">
          <reporter-output>
          </reporter-output>
        </test-method> <!-- tearDown -->
        <test-method is-config="true" signature="setup()[pri:0, instance:tests.SauceDemoTest@7b36aa0c]" started-at="2025-04-18T10:45:15 IST" name="setup" finished-at="2025-04-18T10:45:16 IST" duration-ms="1130" status="PASS">
          <reporter-output>
          </reporter-output>
        </test-method> <!-- setup -->
        <test-method is-config="true" signature="setupTest(java.lang.reflect.Method)[pri:0, instance:tests.SauceDemoTest@7b36aa0c]" started-at="2025-04-18T10:45:16 IST" name="setupTest" finished-at="2025-04-18T10:45:17 IST" duration-ms="1138" status="PASS">
          <params>
            <param index="0">
              <value>
                <![CDATA[public void tests.SauceDemoTest.verifySauceDemoFlow(java.lang.String,java.lang.String)]]>
              </value>
            </param>
          </params>
          <reporter-output>
          </reporter-output>
        </test-method> <!-- setupTest -->
        <test-method signature="verifySauceDemoFlow(java.lang.String,java.lang.String)[pri:0, instance:tests.SauceDemoTest@7b36aa0c]" started-at="2025-04-18T10:45:17 IST" name="verifySauceDemoFlow" data-provider="loginData" finished-at="2025-04-18T10:45:19 IST" duration-ms="2005" status="PASS">
          <params>
            <param index="0">
              <value>
                <![CDATA[problem_user]]>
              </value>
            </param>
            <param index="1">
              <value>
                <![CDATA[secret_sauce]]>
              </value>
            </param>
          </params>
          <reporter-output>
          </reporter-output>
        </test-method> <!-- verifySauceDemoFlow -->
        <test-method is-config="true" signature="tearDownTest(org.testng.ITestResult)[pri:0, instance:tests.SauceDemoTest@7b36aa0c]" started-at="2025-04-18T10:45:19 IST" name="tearDownTest" finished-at="2025-04-18T10:45:19 IST" duration-ms="197" status="PASS">
          <params>
            <param index="0">
              <value>
                <![CDATA[[TestResult name=verifySauceDemoFlow status=SUCCESS method=SauceDemoTest.verifySauceDemoFlow(java.lang.String,java.lang.String)[pri:0, instance:tests.SauceDemoTest@7b36aa0c] output={null}]]]>
              </value>
            </param>
          </params>
          <reporter-output>
          </reporter-output>
        </test-method> <!-- tearDownTest -->
        <test-method is-config="true" signature="setup()[pri:0, instance:tests.SauceDemoTest@7b36aa0c]" started-at="2025-04-18T10:45:19 IST" name="setup" finished-at="2025-04-18T10:45:20 IST" duration-ms="1155" status="PASS">
          <reporter-output>
          </reporter-output>
        </test-method> <!-- setup -->
        <test-method is-config="true" signature="tearDown()[pri:0, instance:tests.SauceDemoTest@7b36aa0c]" started-at="2025-04-18T10:45:19 IST" name="tearDown" finished-at="2025-04-18T10:45:19 IST" duration-ms="0" status="PASS">
          <reporter-output>
          </reporter-output>
        </test-method> <!-- tearDown -->
        <test-method is-config="true" signature="setupTest(java.lang.reflect.Method)[pri:0, instance:tests.SauceDemoTest@7b36aa0c]" started-at="2025-04-18T10:45:20 IST" name="setupTest" finished-at="2025-04-18T10:45:22 IST" duration-ms="1045" status="PASS">
          <params>
            <param index="0">
              <value>
                <![CDATA[public void tests.SauceDemoTest.verifySauceDemoFlow(java.lang.String,java.lang.String)]]>
              </value>
            </param>
          </params>
          <reporter-output>
          </reporter-output>
        </test-method> <!-- setupTest -->
        <test-method signature="verifySauceDemoFlow(java.lang.String,java.lang.String)[pri:0, instance:tests.SauceDemoTest@7b36aa0c]" started-at="2025-04-18T10:45:22 IST" name="verifySauceDemoFlow" data-provider="loginData" finished-at="2025-04-18T10:45:29 IST" duration-ms="7466" status="PASS">
          <params>
            <param index="0">
              <value>
                <![CDATA[performance_glitch_user]]>
              </value>
            </param>
            <param index="1">
              <value>
                <![CDATA[secret_sauce]]>
              </value>
            </param>
          </params>
          <reporter-output>
          </reporter-output>
        </test-method> <!-- verifySauceDemoFlow -->
        <test-method is-config="true" signature="tearDownTest(org.testng.ITestResult)[pri:0, instance:tests.SauceDemoTest@7b36aa0c]" started-at="2025-04-18T10:45:29 IST" name="tearDownTest" finished-at="2025-04-18T10:45:29 IST" duration-ms="289" status="PASS">
          <params>
            <param index="0">
              <value>
                <![CDATA[[TestResult name=verifySauceDemoFlow status=SUCCESS method=SauceDemoTest.verifySauceDemoFlow(java.lang.String,java.lang.String)[pri:0, instance:tests.SauceDemoTest@7b36aa0c] output={null}]]]>
              </value>
            </param>
          </params>
          <reporter-output>
          </reporter-output>
        </test-method> <!-- tearDownTest -->
        <test-method is-config="true" signature="tearDown()[pri:0, instance:tests.SauceDemoTest@7b36aa0c]" started-at="2025-04-18T10:45:29 IST" name="tearDown" finished-at="2025-04-18T10:45:29 IST" duration-ms="0" status="PASS">
          <reporter-output>
          </reporter-output>
        </test-method> <!-- tearDown -->
        <test-method is-config="true" signature="flushReport()[pri:0, instance:tests.SauceDemoTest@7b36aa0c]" started-at="2025-04-18T10:45:29 IST" name="flushReport" finished-at="2025-04-18T10:45:30 IST" duration-ms="611" status="PASS">
          <reporter-output>
          </reporter-output>
        </test-method> <!-- flushReport -->
      </class> <!-- tests.SauceDemoTest -->
    </test> <!-- Default test -->
  </suite> <!-- Default suite -->
</testng-results>
